TN:
SF:src\modules\addresses\services\CreateAddressService.ts
FN:20,(anonymous_18)
FN:21,CreateAddressService
FN:29,(anonymous_20)
FNF:3
FNH:3
FNDA:1,(anonymous_18)
FNDA:2,CreateAddressService
FNDA:2,(anonymous_20)
DA:1,1
DA:7,1
DA:20,1
DA:23,2
DA:26,2
DA:29,1
DA:30,2
DA:31,2
DA:32,2
DA:33,2
DA:34,2
DA:35,2
DA:36,2
DA:38,2
DA:40,2
DA:41,1
DA:44,1
DA:54,1
DA:56,1
DA:58,1
LF:20
LH:20
BRDA:38,0,0,2
BRDA:40,1,0,1
BRDA:40,1,1,1
BRF:3
BRH:3
end_of_record
TN:
SF:src\modules\addresses\services\DeleteAddressService.ts
FN:11,(anonymous_18)
FN:12,DeleteAddressService
FN:17,(anonymous_20)
FNF:3
FNH:3
FNDA:1,(anonymous_18)
FNDA:3,DeleteAddressService
FNDA:3,(anonymous_20)
DA:1,1
DA:2,1
DA:11,1
DA:14,3
DA:17,3
DA:18,3
DA:20,3
DA:21,1
DA:24,2
DA:25,1
DA:28,2
DA:30,1
DA:32,1
LF:13
LH:13
BRDA:18,0,0,3
BRDA:20,1,0,1
BRDA:20,1,1,2
BRDA:24,2,0,1
BRDA:24,2,1,1
BRF:5
BRH:5
end_of_record
TN:
SF:src\modules\addresses\services\ShowAddressService.ts
FN:8,(anonymous_18)
FN:9,ShowAddressService
FN:14,(anonymous_20)
FNF:3
FNH:3
FNDA:1,(anonymous_18)
FNDA:2,ShowAddressService
FNDA:2,(anonymous_20)
DA:1,1
DA:3,1
DA:8,1
DA:11,2
DA:14,1
DA:15,2
DA:17,2
DA:18,1
DA:20,1
DA:22,1
DA:24,1
LF:11
LH:11
BRDA:15,0,0,2
BRDA:17,1,0,1
BRDA:17,1,1,1
BRDA:17,2,0,2
BRDA:17,2,1,2
BRF:5
BRH:5
end_of_record
TN:
SF:src\modules\addresses\services\UpdateAddressService.ts
FN:20,(anonymous_18)
FN:21,UpdateAddressService
FN:26,(anonymous_20)
FNF:3
FNH:3
FNDA:1,(anonymous_18)
FNDA:3,UpdateAddressService
FNDA:3,(anonymous_20)
DA:1,1
DA:6,1
DA:20,1
DA:23,3
DA:26,1
DA:27,3
DA:28,3
DA:29,3
DA:30,3
DA:31,3
DA:32,3
DA:33,3
DA:34,3
DA:36,3
DA:38,3
DA:39,1
DA:42,2
DA:43,1
DA:46,1
DA:55,2
DA:57,1
DA:59,1
DA:61,1
LF:23
LH:23
BRDA:36,0,0,3
BRDA:38,1,0,1
BRDA:38,1,1,2
BRDA:42,2,0,1
BRDA:42,2,1,1
BRF:5
BRH:5
end_of_record
TN:
SF:src\modules\users\services\AuthenticateUserService.ts
FN:22,(anonymous_18)
FN:23,AuthenticateUserService
FN:31,(anonymous_20)
FNF:3
FNH:3
FNDA:1,(anonymous_18)
FNDA:3,AuthenticateUserService
FNDA:3,(anonymous_20)
DA:1,1
DA:2,1
DA:4,1
DA:6,1
DA:22,1
DA:25,3
DA:28,3
DA:31,3
DA:32,3
DA:33,3
DA:34,1
DA:37,2
DA:42,2
DA:43,1
DA:46,1
DA:48,1
DA:53,1
DA:58,1
DA:60,1
LF:19
LH:19
BRDA:32,0,0,3
BRDA:33,1,0,1
BRDA:33,1,1,2
BRDA:42,2,0,1
BRDA:42,2,1,1
BRF:5
BRH:5
end_of_record
TN:
SF:src\modules\users\services\CreateUserService.ts
FN:34,(anonymous_18)
FN:35,CreateUserService
FN:46,(anonymous_20)
FNF:3
FNH:3
FNDA:2,(anonymous_18)
FNDA:5,CreateUserService
FNDA:5,(anonymous_20)
DA:1,2
DA:3,2
DA:34,2
DA:37,5
DA:40,5
DA:43,5
DA:46,2
DA:47,5
DA:48,5
DA:49,5
DA:50,5
DA:51,5
DA:52,5
DA:53,5
DA:54,5
DA:55,5
DA:56,5
DA:57,5
DA:58,5
DA:59,5
DA:61,5
DA:63,5
DA:64,1
DA:67,4
DA:69,4
DA:81,6
DA:82,2
DA:92,2
DA:98,2
DA:102,2
DA:104,2
LF:31
LH:31
BRDA:61,0,0,5
BRDA:61,0,1,2
BRDA:63,1,0,1
BRDA:63,1,1,4
BRDA:81,2,0,2
BRDA:81,2,1,2
BRDA:81,3,0,4
BRDA:81,3,1,2
BRDA:81,3,2,2
BRDA:81,3,3,2
BRDA:81,3,4,2
BRDA:81,3,5,2
BRF:12
BRH:12
end_of_record
TN:
SF:src\modules\users\services\DeleteUserService.ts
FN:6,(anonymous_18)
FN:7,DeleteUserService
FN:12,(anonymous_20)
FNF:3
FNH:3
FNDA:1,(anonymous_18)
FNDA:2,DeleteUserService
FNDA:2,(anonymous_20)
DA:1,1
DA:2,1
DA:6,1
DA:9,2
DA:12,1
DA:13,2
DA:15,2
DA:16,1
DA:19,2
DA:21,1
DA:23,1
LF:11
LH:11
BRDA:13,0,0,2
BRDA:15,1,0,1
BRDA:15,1,1,1
BRF:3
BRH:3
end_of_record
TN:
SF:src\modules\users\services\ResetPasswordService.ts
FN:16,(anonymous_18)
FN:17,ResetPasswordService
FN:28,(anonymous_20)
FNF:3
FNH:3
FNDA:1,(anonymous_18)
FNDA:4,ResetPasswordService
FNDA:4,(anonymous_20)
DA:1,1
DA:2,1
DA:4,1
DA:16,1
DA:19,4
DA:22,4
DA:25,4
DA:28,4
DA:29,4
DA:31,4
DA:32,1
DA:35,3
DA:37,3
DA:38,1
DA:41,2
DA:43,2
DA:44,1
DA:47,1
DA:49,2
DA:51,1
DA:53,1
LF:21
LH:21
BRDA:29,0,0,4
BRDA:31,1,0,1
BRDA:31,1,1,3
BRDA:37,2,0,1
BRDA:37,2,1,2
BRDA:43,3,0,1
BRDA:43,3,1,1
BRF:7
BRH:7
end_of_record
TN:
SF:src\modules\users\services\SendForgotPasswordEmailService.ts
FN:14,(anonymous_18)
FN:15,SendForgotPasswordEmail
FN:26,(anonymous_20)
FNF:3
FNH:3
FNDA:1,(anonymous_18)
FNDA:3,SendForgotPasswordEmail
FNDA:3,(anonymous_20)
DA:1,1
DA:2,1
DA:4,1
DA:14,1
DA:17,3
DA:20,3
DA:23,3
DA:26,3
DA:27,3
DA:29,3
DA:30,1
DA:33,2
DA:35,2
DA:42,4
DA:58,1
DA:60,1
LF:16
LH:16
BRDA:27,0,0,3
BRDA:29,1,0,1
BRDA:29,1,1,2
BRF:3
BRH:3
end_of_record
TN:
SF:src\modules\users\services\ShowProfileUserService.ts
FN:7,(anonymous_18)
FN:8,ShowProfileUserService
FN:13,(anonymous_20)
FNF:3
FNH:3
FNDA:1,(anonymous_18)
FNDA:2,ShowProfileUserService
FNDA:2,(anonymous_20)
DA:1,1
DA:2,1
DA:7,1
DA:10,2
DA:13,1
DA:14,2
DA:16,2
DA:17,1
DA:20,1
DA:22,1
DA:24,1
LF:11
LH:11
BRDA:14,0,0,2
BRDA:16,1,0,1
BRDA:16,1,1,1
BRF:3
BRH:3
end_of_record
TN:
SF:src\modules\users\services\ShowUserService.ts
FN:7,(anonymous_18)
FN:8,ShowUserService
FN:13,(anonymous_20)
FNF:3
FNH:3
FNDA:1,(anonymous_18)
FNDA:2,ShowUserService
FNDA:2,(anonymous_20)
DA:1,1
DA:2,1
DA:7,1
DA:10,2
DA:13,1
DA:14,2
DA:16,2
DA:17,1
DA:20,1
DA:22,1
DA:24,1
LF:11
LH:11
BRDA:14,0,0,2
BRDA:16,1,0,1
BRDA:16,1,1,1
BRF:3
BRH:3
end_of_record
TN:
SF:src\modules\users\services\UpdateUserService.ts
FN:21,(anonymous_18)
FN:22,UpdateUserService
FN:30,(anonymous_20)
FNF:3
FNH:3
FNDA:1,(anonymous_18)
FNDA:8,UpdateUserService
FNDA:8,(anonymous_20)
DA:1,1
DA:2,1
DA:21,1
DA:24,8
DA:27,8
DA:30,1
DA:31,8
DA:32,8
DA:33,8
DA:34,8
DA:35,8
DA:36,8
DA:37,8
DA:38,8
DA:39,8
DA:41,8
DA:43,8
DA:44,1
DA:47,7
DA:48,1
DA:51,9
DA:52,3
DA:57,3
DA:58,1
DA:61,2
DA:64,5
DA:66,5
DA:67,1
DA:70,4
DA:72,4
DA:74,1
DA:76,1
LF:32
LH:32
BRDA:41,0,0,8
BRDA:41,0,1,5
BRDA:43,1,0,1
BRDA:43,1,1,7
BRDA:47,2,0,1
BRDA:47,2,1,6
BRDA:47,3,0,7
BRDA:47,3,1,4
BRDA:51,4,0,3
BRDA:51,4,1,3
BRDA:51,5,0,6
BRDA:51,5,1,3
BRDA:57,6,0,1
BRDA:57,6,1,2
BRDA:66,7,0,1
BRDA:66,7,1,4
BRDA:66,8,0,5
BRDA:66,8,1,4
BRF:18
BRH:18
end_of_record
